11-17 15:20 requests.packages.urllib3.connectionpool INFO     Starting new HTTP connection (1): best8023.com
11-17 15:20 requests.packages.urllib3.connectionpool DEBUG    "GET /?method=random HTTP/1.1" 200 None
11-17 15:20 root         INFO     request : http://223.68.1.38:8000
11-17 15:20 requests.packages.urllib3.connectionpool INFO     Starting new HTTP connection (1): best8023.com
11-17 15:20 requests.packages.urllib3.connectionpool DEBUG    "GET /?method=random HTTP/1.1" 200 None
11-17 15:20 root         INFO     request : http://61.132.241.103:808
11-17 15:20 requests.packages.urllib3.connectionpool INFO     Starting new HTTP connection (1): best8023.com
11-17 15:20 requests.packages.urllib3.connectionpool DEBUG    "GET /?method=random HTTP/1.1" 404 None
11-17 15:20 requests.packages.urllib3.connectionpool INFO     Starting new HTTP connection (1): best8023.com
11-17 15:20 requests.packages.urllib3.connectionpool DEBUG    "GET /?method=random HTTP/1.1" 200 None
11-17 15:20 root         INFO     request : http://202.171.253.72:80
11-17 15:20 requests.packages.urllib3.connectionpool INFO     Starting new HTTP connection (1): best8023.com
11-17 15:20 requests.packages.urllib3.connectionpool DEBUG    "GET /?method=random HTTP/1.1" 200 None
11-17 15:20 root         INFO     request : http://124.88.67.17:843
11-17 15:20 requests.packages.urllib3.connectionpool INFO     Starting new HTTP connection (1): best8023.com
11-17 15:20 requests.packages.urllib3.connectionpool DEBUG    "GET /?method=random HTTP/1.1" 200 None
11-17 15:20 root         INFO     request : http://123.138.73.122:9999
11-17 15:20 requests.packages.urllib3.connectionpool INFO     Starting new HTTP connection (1): best8023.com
11-17 15:20 requests.packages.urllib3.connectionpool DEBUG    "GET /?method=random HTTP/1.1" 200 None
11-17 15:20 root         INFO     request : http://220.248.229.45:3128
11-17 15:20 requests.packages.urllib3.connectionpool INFO     Starting new HTTP connection (1): best8023.com
11-17 15:20 requests.packages.urllib3.connectionpool DEBUG    "GET /?method=random HTTP/1.1" 200 None
11-17 15:20 root         INFO     request : http://121.193.143.249:80
11-17 15:20 requests.packages.urllib3.connectionpool INFO     Starting new HTTP connection (1): best8023.com
11-17 15:21 requests.packages.urllib3.connectionpool DEBUG    "GET /?method=random HTTP/1.1" 200 None
11-17 15:21 root         INFO     request : http://58.19.222.139:3128
11-17 15:21 requests.packages.urllib3.connectionpool INFO     Starting new HTTP connection (1): best8023.com
11-17 15:21 requests.packages.urllib3.connectionpool DEBUG    "GET /?method=random HTTP/1.1" 200 None
11-17 15:21 root         INFO     request : http://123.138.73.122:9999
11-17 15:21 requests.packages.urllib3.connectionpool INFO     Starting new HTTP connection (1): best8023.com
11-17 15:21 requests.packages.urllib3.connectionpool DEBUG    "GET /?method=random HTTP/1.1" 404 None
11-17 15:21 requests.packages.urllib3.connectionpool INFO     Starting new HTTP connection (1): best8023.com
11-17 15:21 requests.packages.urllib3.connectionpool DEBUG    "GET /?method=random HTTP/1.1" 200 None
11-17 15:21 root         INFO     request : http://223.68.1.38:8000
11-17 15:21 requests.packages.urllib3.connectionpool INFO     Starting new HTTP connection (1): best8023.com
11-17 15:21 requests.packages.urllib3.connectionpool DEBUG    "GET /?method=random HTTP/1.1" 200 None
11-17 15:21 root         INFO     request : http://1.82.216.134:80
11-17 15:21 root         INFO     random : http://123.138.73.122:9999
11-17 15:21 requests.packages.urllib3.connectionpool INFO     Starting new HTTP connection (1): 123.138.73.122
11-17 15:21 requests.packages.urllib3.connectionpool DEBUG    "POST http://www.lagou.com/jobs/positionAjax.json HTTP/1.1" 200 None
11-17 15:21 root         INFO     crawler : url=http://www.lagou.com/jobs/positionAjax.json page=1 http_code=200 agent=Opera/9.80 (Macintosh; Intel Mac OS X 10.6.8; U; fr) Presto/2.9.168 Version/11.52
11-17 15:21 root         INFO     current data createTime : 2016-11-17 15:17:38
11-17 15:21 root         INFO     current data createTime : 2016-11-17 15:17:29
11-17 15:21 root         INFO     current data createTime : 2016-11-17 15:17:20
11-17 15:21 root         INFO     current data createTime : 2016-11-17 15:17:08
11-17 15:21 root         INFO     current data createTime : 2016-11-17 15:16:59
11-17 15:21 root         INFO     current data createTime : 2016-11-17 15:16:43
11-17 15:21 root         INFO     current data createTime : 2016-11-17 15:16:34
11-17 15:21 root         INFO     current data createTime : 2016-11-17 15:16:32
11-17 15:21 root         INFO     current data createTime : 2016-11-17 15:16:25
11-17 15:21 root         INFO     current data createTime : 2016-11-17 15:16:25
11-17 15:21 root         INFO     current data createTime : 2016-11-17 15:16:23
11-17 15:21 root         INFO     current data createTime : 2016-11-17 15:16:16
11-17 15:21 root         INFO     current data createTime : 2016-11-17 15:16:13
11-17 15:21 root         INFO     current data createTime : 2016-11-17 15:16:11
11-17 15:21 root         INFO     current data createTime : 2016-11-17 15:16:10
11-17 15:21 root         INFO     crawler : count=15
11-17 15:21 root         INFO     random : http://220.248.229.45:3128
11-17 15:21 requests.packages.urllib3.connectionpool INFO     Starting new HTTP connection (1): 220.248.229.45
11-17 15:21 requests.packages.urllib3.connectionpool DEBUG    "POST http://www.lagou.com/jobs/positionAjax.json HTTP/1.1" 200 None
11-17 15:21 root         INFO     crawler : url=http://www.lagou.com/jobs/positionAjax.json page=2 http_code=200 agent=Mozilla/5.0 (Windows NT 6.1; WOW64) AppleWebKit/537.1 (KHTML, like Gecko) Chrome/21.0.1180.71 Safari/537.1 LBBROWSER
11-17 15:21 root         INFO     current data createTime : 2016-11-17 15:16:30
11-17 15:21 root         INFO     current data createTime : 2016-11-17 15:16:09
11-17 15:21 root         INFO     current data createTime : 2016-11-17 15:15:58
11-17 15:21 root         INFO     current data createTime : 2016-11-17 15:15:58
11-17 15:21 root         INFO     current data createTime : 2016-11-17 15:15:51
11-17 15:21 root         INFO     current data createTime : 2016-11-17 15:15:50
11-17 15:21 root         INFO     current data createTime : 2016-11-17 15:15:50
11-17 15:21 root         INFO     current data createTime : 2016-11-17 15:15:41
11-17 15:21 root         INFO     current data createTime : 2016-11-17 15:15:32
11-17 15:21 root         INFO     current data createTime : 2016-11-17 15:15:31
11-17 15:21 root         INFO     current data createTime : 2016-11-17 15:15:27
11-17 15:21 root         INFO     current data createTime : 2016-11-17 15:15:26
11-17 15:21 root         INFO     current data createTime : 2016-11-17 15:15:26
11-17 15:21 root         INFO     current data createTime : 2016-11-17 15:15:22
11-17 15:21 root         INFO     current data createTime : 2016-11-17 15:15:22
11-17 15:21 root         INFO     crawler : count=30
11-17 15:21 root         INFO     random : http://58.19.222.139:3128
11-17 15:21 requests.packages.urllib3.connectionpool INFO     Starting new HTTP connection (1): 58.19.222.139
11-17 15:21 requests.packages.urllib3.connectionpool DEBUG    "POST http://www.lagou.com/jobs/positionAjax.json HTTP/1.1" 200 None
11-17 15:21 root         INFO     crawler : url=http://www.lagou.com/jobs/positionAjax.json page=3 http_code=200 agent=Mozilla/4.0 (compatible; MSIE 6.0; Windows NT 5.1; SV1; QQDownload 732; .NET4.0C; .NET4.0E)
11-17 15:21 root         INFO     current data createTime : 2016-11-17 15:16:08
11-17 15:21 root         INFO     current data createTime : 2016-11-17 15:15:50
11-17 15:21 root         INFO     current data createTime : 2016-11-17 15:15:26
11-17 15:21 root         INFO     current data createTime : 2016-11-17 15:15:20
11-17 15:21 root         INFO     current data createTime : 2016-11-17 15:15:15
11-17 15:21 root         INFO     current data createTime : 2016-11-17 15:15:09
11-17 15:21 root         INFO     current data createTime : 2016-11-17 15:15:05
11-17 15:21 root         INFO     current data createTime : 2016-11-17 15:15:05
11-17 15:21 root         INFO     current data createTime : 2016-11-17 15:15:00
11-17 15:21 root         INFO     current data createTime : 2016-11-17 15:14:57
11-17 15:21 root         INFO     current data createTime : 2016-11-17 15:14:53
11-17 15:21 root         INFO     current data createTime : 2016-11-17 15:14:45
11-17 15:21 root         INFO     current data createTime : 2016-11-17 15:14:39
11-17 15:21 root         INFO     current data createTime : 2016-11-17 15:14:37
11-17 15:21 root         INFO     current data createTime : 2016-11-17 15:14:32
11-17 15:21 root         INFO     crawler : count=45
11-17 15:21 root         INFO     random : http://123.138.73.122:9999
11-17 15:21 requests.packages.urllib3.connectionpool INFO     Starting new HTTP connection (1): 123.138.73.122
11-17 15:21 requests.packages.urllib3.connectionpool DEBUG    "POST http://www.lagou.com/jobs/positionAjax.json HTTP/1.1" 200 None
11-17 15:21 root         INFO     crawler : url=http://www.lagou.com/jobs/positionAjax.json page=4 http_code=200 agent=Mozilla/5.0 (Windows NT 6.1; WOW64) AppleWebKit/537.1 (KHTML, like Gecko) Chrome/21.0.1180.71 Safari/537.1 LBBROWSER
11-17 15:21 root         INFO     current data createTime : 2016-11-17 15:16:06
11-17 15:21 root         INFO     current data createTime : 2016-11-17 15:15:26
11-17 15:21 root         INFO     current data createTime : 2016-11-17 15:15:03
11-17 15:21 root         INFO     current data createTime : 2016-11-17 15:14:59
11-17 15:21 root         INFO     current data createTime : 2016-11-17 15:14:52
11-17 15:21 root         INFO     current data createTime : 2016-11-17 15:14:47
11-17 15:21 root         INFO     current data createTime : 2016-11-17 15:14:37
11-17 15:21 root         INFO     current data createTime : 2016-11-17 15:14:35
11-17 15:21 root         INFO     current data createTime : 2016-11-17 15:14:31
11-17 15:21 root         INFO     current data createTime : 2016-11-17 15:14:30
11-17 15:21 root         INFO     current data createTime : 2016-11-17 15:14:24
11-17 15:21 root         INFO     current data createTime : 2016-11-17 15:14:08
11-17 15:21 root         INFO     current data createTime : 2016-11-17 15:14:06
11-17 15:21 root         INFO     current data createTime : 2016-11-17 15:14:05
11-17 15:21 root         INFO     current data createTime : 2016-11-17 15:13:53
11-17 15:21 root         INFO     crawler : count=60
11-17 15:21 root         INFO     random : http://58.19.222.139:3128
11-17 15:21 requests.packages.urllib3.connectionpool INFO     Starting new HTTP connection (1): 58.19.222.139
11-17 15:21 requests.packages.urllib3.connectionpool DEBUG    "POST http://www.lagou.com/jobs/positionAjax.json HTTP/1.1" 200 None
11-17 15:21 root         INFO     crawler : url=http://www.lagou.com/jobs/positionAjax.json page=5 http_code=200 agent=Mozilla/5.0 (X11; Ubuntu; Linux x86_64; rv:16.0) Gecko/20100101 Firefox/16.0
11-17 15:21 root         INFO     current data createTime : 2016-11-17 15:16:05
11-17 15:21 root         INFO     current data createTime : 2016-11-17 15:15:26
11-17 15:21 root         INFO     current data createTime : 2016-11-17 15:15:02
11-17 15:21 root         INFO     current data createTime : 2016-11-17 15:14:50
11-17 15:21 root         INFO     current data createTime : 2016-11-17 15:14:45
11-17 15:21 root         INFO     current data createTime : 2016-11-17 15:14:34
11-17 15:21 root         INFO     current data createTime : 2016-11-17 15:14:30
11-17 15:21 root         INFO     current data createTime : 2016-11-17 15:14:20
11-17 15:21 root         INFO     current data createTime : 2016-11-17 15:14:03
11-17 15:21 root         INFO     current data createTime : 2016-11-17 15:13:51
11-17 15:21 root         INFO     current data createTime : 2016-11-17 15:13:43
11-17 15:21 root         INFO     current data createTime : 2016-11-17 15:13:41
11-17 15:21 root         INFO     current data createTime : 2016-11-17 15:13:38
11-17 15:21 root         INFO     current data createTime : 2016-11-17 15:13:35
11-17 15:21 root         INFO     current data createTime : 2016-11-17 15:13:35
11-17 15:21 root         INFO     crawler : count=75
11-17 15:21 root         INFO     random : http://220.248.229.45:3128
11-17 15:21 requests.packages.urllib3.connectionpool INFO     Starting new HTTP connection (1): 220.248.229.45
11-17 15:21 requests.packages.urllib3.connectionpool DEBUG    "POST http://www.lagou.com/jobs/positionAjax.json HTTP/1.1" 200 None
11-17 15:21 root         INFO     crawler : url=http://www.lagou.com/jobs/positionAjax.json page=6 http_code=200 agent=Mozilla/5.0 (X11; U; Linux i686; en-US; rv:1.9.0.8) Gecko Fedora/1.9.0.8-1.fc10 Kazehakase/0.5.6
11-17 15:21 root         INFO     current data createTime : 2016-11-17 15:15:00
11-17 15:21 root         INFO     current data createTime : 2016-11-17 15:14:43
11-17 15:21 root         INFO     current data createTime : 2016-11-17 15:14:31
11-17 15:21 root         INFO     current data createTime : 2016-11-17 15:13:54
11-17 15:21 root         INFO     current data createTime : 2016-11-17 15:13:51
11-17 15:21 root         INFO     current data createTime : 2016-11-17 15:13:21
11-17 15:21 root         INFO     current data createTime : 2016-11-17 15:13:19
11-17 15:21 root         INFO     current data createTime : 2016-11-17 15:13:17
11-17 15:21 root         INFO     current data createTime : 2016-11-17 15:13:17
11-17 15:21 root         INFO     current data createTime : 2016-11-17 15:13:17
11-17 15:21 root         INFO     current data createTime : 2016-11-17 15:13:17
11-17 15:21 root         INFO     current data createTime : 2016-11-17 15:13:11
11-17 15:21 root         INFO     current data createTime : 2016-11-17 15:13:10
11-17 15:21 root         INFO     current data createTime : 2016-11-17 15:13:05
11-17 15:21 root         INFO     current data createTime : 2016-11-17 15:12:57
11-17 15:21 root         INFO     crawler : count=90
11-17 15:21 root         INFO     random : http://223.68.1.38:8000
11-17 15:21 requests.packages.urllib3.connectionpool INFO     Starting new HTTP connection (1): 223.68.1.38
11-17 15:21 requests.packages.urllib3.connectionpool DEBUG    "POST http://www.lagou.com/jobs/positionAjax.json HTTP/1.1" 200 None
11-17 15:21 root         INFO     crawler : url=http://www.lagou.com/jobs/positionAjax.json page=7 http_code=200 agent=Mozilla/5.0 (Windows NT 5.1) AppleWebKit/537.1 (KHTML, like Gecko) Chrome/21.0.1180.89 Safari/537.1
11-17 15:21 root         INFO     current data createTime : 2016-11-17 15:13:51
11-17 15:21 root         INFO     current data createTime : 2016-11-17 15:13:20
11-17 15:21 root         INFO     current data createTime : 2016-11-17 15:12:50
11-17 15:21 root         INFO     current data createTime : 2016-11-17 15:12:48
11-17 15:21 root         INFO     current data createTime : 2016-11-17 15:12:48
11-17 15:21 root         INFO     current data createTime : 2016-11-17 15:12:30
11-17 15:21 root         INFO     current data createTime : 2016-11-17 15:12:27
11-17 15:21 root         INFO     current data createTime : 2016-11-17 15:12:26
11-17 15:21 root         INFO     current data createTime : 2016-11-17 15:12:20
11-17 15:21 root         INFO     current data createTime : 2016-11-17 15:12:14
11-17 15:21 root         INFO     current data createTime : 2016-11-17 15:12:12
11-17 15:21 root         INFO     current data createTime : 2016-11-17 15:12:09
11-17 15:21 root         INFO     current data createTime : 2016-11-17 15:12:09
11-17 15:21 root         INFO     current data createTime : 2016-11-17 15:12:07
11-17 15:21 root         INFO     current data createTime : 2016-11-17 15:12:04
11-17 15:21 root         INFO     crawler : count=105
11-17 15:21 root         INFO     random : http://123.138.73.122:9999
11-17 15:21 requests.packages.urllib3.connectionpool INFO     Starting new HTTP connection (1): 123.138.73.122
11-17 15:21 requests.packages.urllib3.connectionpool DEBUG    "POST http://www.lagou.com/jobs/positionAjax.json HTTP/1.1" 200 None
11-17 15:21 root         INFO     crawler : url=http://www.lagou.com/jobs/positionAjax.json page=8 http_code=200 agent=Mozilla/5.0 (compatible; MSIE 9.0; Windows NT 6.1; WOW64; Trident/5.0; SLCC2; .NET CLR 2.0.50727; .NET CLR 3.5.30729; .NET CLR 3.0.30729; Media Center PC 6.0; .NET4.0C; .NET4.0E; QQBrowser/7.0.3698.400)
11-17 15:21 root         INFO     current data createTime : 2016-11-17 15:13:51
11-17 15:21 root         INFO     current data createTime : 2016-11-17 15:12:29
11-17 15:21 root         INFO     current data createTime : 2016-11-17 15:12:23
11-17 15:21 root         INFO     current data createTime : 2016-11-17 15:12:20
11-17 15:21 root         INFO     current data createTime : 2016-11-17 15:12:14
11-17 15:21 root         INFO     current data createTime : 2016-11-17 15:12:03
11-17 15:21 root         INFO     current data createTime : 2016-11-17 15:12:03
11-17 15:21 root         INFO     current data createTime : 2016-11-17 15:11:59
11-17 15:21 root         INFO     current data createTime : 2016-11-17 15:11:58
11-17 15:21 root         INFO     current data createTime : 2016-11-17 15:11:55
11-17 15:21 root         INFO     current data createTime : 2016-11-17 15:11:50
11-17 15:21 root         INFO     current data createTime : 2016-11-17 15:11:42
11-17 15:21 root         INFO     current data createTime : 2016-11-17 15:11:39
11-17 15:21 root         INFO     current data createTime : 2016-11-17 15:11:26
11-17 15:21 root         INFO     current data createTime : 2016-11-17 15:11:19
11-17 15:21 root         INFO     crawler : count=120
11-17 15:21 root         INFO     random : http://123.138.73.122:9999
11-17 15:21 requests.packages.urllib3.connectionpool INFO     Starting new HTTP connection (1): 123.138.73.122
11-17 15:21 requests.packages.urllib3.connectionpool DEBUG    "POST http://www.lagou.com/jobs/positionAjax.json HTTP/1.1" 200 None
11-17 15:21 root         INFO     crawler : url=http://www.lagou.com/jobs/positionAjax.json page=9 http_code=200 agent=Mozilla/4.0 (compatible; MSIE 7.0; Windows NT 5.1; Trident/4.0; SV1; QQDownload 732; .NET4.0C; .NET4.0E; 360SE)
11-17 15:21 root         INFO     current data createTime : 2016-11-17 15:12:26
11-17 15:21 root         INFO     current data createTime : 2016-11-17 15:12:20
11-17 15:21 root         INFO     current data createTime : 2016-11-17 15:12:14
11-17 15:21 root         INFO     current data createTime : 2016-11-17 15:11:59
11-17 15:21 root         INFO     current data createTime : 2016-11-17 15:11:54
11-17 15:21 root         INFO     current data createTime : 2016-11-17 15:11:17
11-17 15:21 root         INFO     current data createTime : 2016-11-17 15:11:14
11-17 15:21 root         INFO     current data createTime : 2016-11-17 15:11:11
11-17 15:21 root         INFO     current data createTime : 2016-11-17 15:11:10
11-17 15:21 root         INFO     current data createTime : 2016-11-17 15:11:09
11-17 15:21 root         INFO     current data createTime : 2016-11-17 15:11:07
11-17 15:21 root         INFO     current data createTime : 2016-11-17 15:11:06
11-17 15:21 root         INFO     current data createTime : 2016-11-17 15:11:04
11-17 15:21 root         INFO     current data createTime : 2016-11-17 15:10:44
11-17 15:21 root         INFO     current data createTime : 2016-11-17 15:10:41
11-17 15:21 root         INFO     crawler : count=135
11-17 15:21 root         INFO     random : http://223.68.1.38:8000
11-17 15:21 requests.packages.urllib3.connectionpool INFO     Starting new HTTP connection (1): 223.68.1.38
